<?xml version="1.0" encoding="UTF-8"?>
<!-- Generated by org.testng.reporters.JUnitXMLReporter -->
<testsuite ignored="0" hostname="LAPTOP-7ON8U4QB" failures="1" tests="6" name="Surefire test" time="73.327" errors="0" timestamp="2025-05-16T13:10:50 IST">
  <testcase classname="Automation.SeleniumFrameworkDesign.Tests.ErrorMessageTest" name="loginErrorCheck" time="0.462">
    <skipped/>
  </testcase> <!-- loginErrorCheck -->
  <testcase classname="Automation.SeleniumFrameworkDesign.Tests.ErrorMessageTest" name="loginErrorCheck" time="0.449">
    <failure type="java.lang.AssertionError" message="expected [Incorrect email or password.] but found [Incorrect email and password.]">
      <![CDATA[java.lang.AssertionError: expected [Incorrect email or password.] but found [Incorrect email and password.]
at Automation.SeleniumFrameworkDesign.Tests.ErrorMessageTest.loginErrorCheck(ErrorMessageTest.java:29)
at java.base/java.util.ArrayList.forEach(ArrayList.java:1604)
... Removed 36 stack frames]]>
    </failure>
  </testcase> <!-- loginErrorCheck -->
  <testcase classname="Automation.SeleniumFrameworkDesign.Tests.ErrorMessageTest" name="productErrorCheck" time="8.408"/>
  <testcase classname="Automation.SeleniumFrameworkDesign.Tests.SubmitOrderTest" name="placeOrder" time="9.663"/>
  <testcase classname="Automation.SeleniumFrameworkDesign.Tests.SubmitOrderTest" name="placeOrder" time="9.688"/>
  <testcase classname="Automation.SeleniumFrameworkDesign.Tests.SubmitOrderTest" name="orderHistory" time="0.643"/>
</testsuite> <!-- Surefire test -->
