<?xml version="1.0" encoding="UTF-8"?>
<!-- Generated by org.testng.reporters.JUnitXMLReporter -->
<testsuite ignored="0" hostname="LAPTOP-7ON8U4QB" failures="1" tests="2" name="ErrorValidationCheck" time="15.057" errors="0" timestamp="2025-05-14T23:20:05 IST">
  <testcase classname="Automation.SeleniumFrameworkDesign.Tests.ErrorMessageTest" name="loginErrorCheck" time="0.487">
    <failure type="java.lang.AssertionError" message="expected [Incorrect email or password.] but found [Incorrect email and password.]">
      <![CDATA[java.lang.AssertionError: expected [Incorrect email or password.] but found [Incorrect email and password.]
at Automation.SeleniumFrameworkDesign.Tests.ErrorMessageTest.loginErrorCheck(ErrorMessageTest.java:30)
at java.base/java.util.ArrayList.forEach(ArrayList.java:1597)
at java.base/java.util.concurrent.FutureTask.run(FutureTask.java:317)
at java.base/java.util.concurrent.ThreadPoolExecutor.runWorker(ThreadPoolExecutor.java:1144)
at java.base/java.util.concurrent.ThreadPoolExecutor$Worker.run(ThreadPoolExecutor.java:642)
at java.base/java.lang.Thread.run(Thread.java:1575)
... Removed 21 stack frames]]>
    </failure>
  </testcase> <!-- loginErrorCheck -->
  <testcase classname="Automation.SeleniumFrameworkDesign.Tests.ErrorMessageTest" name="productErrorCheck" time="8.593"/>
</testsuite> <!-- ErrorValidationCheck -->
